<?xml version="1.0" encoding="UTF-8"?>
<!-- Generated by org.testng.reporters.JUnitReportReporter -->
<testsuite hostname="DESKTOP-15RQ365" failures="0" tests="11" name="com.amazon.test.HomepageTest" time="98.920" errors="0" timestamp="28 Dec 2022 02:53:41 GMT" skipped="8">
  <testcase classname="com.amazon.test.HomepageTest" name="regBusinessTest" time="25.529"/>
  <testcase classname="com.amazon.test.HomepageTest" name="exploreShowroomTest" time="33.945"/>
  <testcase classname="com.amazon.test.HomepageTest" name="babyRegisteryTest" time="39.446"/>
  <testcase classname="com.amazon.test.HomepageTest" name="yourAccountTest">
    <skipped/>
  </testcase> <!-- yourAccountTest -->
  <testcase classname="com.amazon.test.HomepageTest" name="yourRecommendationTest">
    <skipped/>
  </testcase> <!-- yourRecommendationTest -->
  <testcase classname="com.amazon.test.HomepageTest" name="switchAccTest">
    <skipped/>
  </testcase> <!-- switchAccTest -->
  <testcase classname="com.amazon.test.HomepageTest" name="membershiplinkTest">
    <skipped/>
  </testcase> <!-- membershiplinkTest -->
  <testcase classname="com.amazon.test.HomepageTest" name="verifyUserLabel">
    <skipped/>
  </testcase> <!-- verifyUserLabel -->
  <testcase classname="com.amazon.test.HomepageTest" name="yourOrderTest">
    <skipped/>
  </testcase> <!-- yourOrderTest -->
  <testcase classname="com.amazon.test.HomepageTest" name="findGiftTest">
    <skipped/>
  </testcase> <!-- findGiftTest -->
  <testcase classname="com.amazon.test.HomepageTest" name="signOutTest">
    <skipped/>
  </testcase> <!-- signOutTest -->
</testsuite> <!-- com.amazon.test.HomepageTest -->
