<?xml version="1.0" encoding="UTF-8"?>
<!-- Generated by org.testng.reporters.JUnitReportReporter -->
<testsuite hostname="DESKTOP-15RQ365" failures="0" tests="11" name="com.amazon.test.HomepageTest" time="218.579" errors="0" timestamp="2023-01-08T19:50:54 GMT-08:00" skipped="0">
  <testcase classname="com.amazon.test.HomepageTest" name="exploreShowroomTest" time="24.687"/>
  <system-out/>
  <testcase classname="com.amazon.test.HomepageTest" name="regBusinessTest" time="17.310"/>
  <system-out/>
  <testcase classname="com.amazon.test.HomepageTest" name="yourRecommendationTest" time="20.368"/>
  <system-out/>
  <testcase classname="com.amazon.test.HomepageTest" name="signOutTest" time="19.791"/>
  <system-out/>
  <testcase classname="com.amazon.test.HomepageTest" name="yourOrderTest" time="21.231"/>
  <system-out/>
  <testcase classname="com.amazon.test.HomepageTest" name="membershiplinkTest" time="20.285"/>
  <system-out/>
  <testcase classname="com.amazon.test.HomepageTest" name="yourAccountTest" time="17.910"/>
  <system-out/>
  <testcase classname="com.amazon.test.HomepageTest" name="verifyUserLabel" time="16.619"/>
  <system-out/>
  <testcase classname="com.amazon.test.HomepageTest" name="findGiftTest" time="19.388"/>
  <system-out/>
  <testcase classname="com.amazon.test.HomepageTest" name="switchAccTest" time="17.238"/>
  <system-out/>
  <testcase classname="com.amazon.test.HomepageTest" name="babyRegisteryTest" time="23.752"/>
  <system-out/>
</testsuite> <!-- com.amazon.test.HomepageTest -->
