<?xml version="1.0" encoding="UTF-8"?>
<!-- Generated by org.testng.reporters.JUnitReportReporter -->
<testsuite hostname="DESKTOP-15RQ365" failures="0" tests="5" name="com.amazon.test.LoginPageTest" time="37.118" errors="0" timestamp="2023-01-08T19:50:54 GMT-08:00" skipped="0">
  <testcase classname="com.amazon.test.LoginPageTest" name="incorrectUsername" time="7.236"/>
  <system-out/>
  <testcase classname="com.amazon.test.LoginPageTest" name="incorrectPassword" time="8.664"/>
  <system-out/>
  <testcase classname="com.amazon.test.LoginPageTest" name="emptyPassword" time="7.231"/>
  <system-out/>
  <testcase classname="com.amazon.test.LoginPageTest" name="emptyUsername" time="6.335"/>
  <system-out/>
  <testcase classname="com.amazon.test.LoginPageTest" name="CorrectUsernameAndPass" time="7.652"/>
  <system-out/>
</testsuite> <!-- com.amazon.test.LoginPageTest -->
