<?xml version="1.0" encoding="UTF-8"?>
<!-- Generated by org.testng.reporters.JUnitReportReporter -->
<testsuite hostname="DESKTOP-15RQ365" failures="0" tests="6" name="com.amazon.test.YouOrderTest" time="45.717" errors="0" timestamp="28 Dec 2022 04:46:16 GMT" skipped="4">
  <testcase classname="com.amazon.test.YouOrderTest" name="cancelOrderTextTest" time="24.216"/>
  <testcase classname="com.amazon.test.YouOrderTest" name="cancelOrderNoTest" time="21.501"/>
  <testcase classname="com.amazon.test.YouOrderTest" name="BuyagainProductDisplayedTest">
    <skipped/>
  </testcase> <!-- BuyagainProductDisplayedTest -->
  <testcase classname="com.amazon.test.YouOrderTest" name="notShippedLinkTest">
    <skipped/>
  </testcase> <!-- notShippedLinkTest -->
  <testcase classname="com.amazon.test.YouOrderTest" name="orderPlacedMonthTest">
    <skipped/>
  </testcase> <!-- orderPlacedMonthTest -->
  <testcase classname="com.amazon.test.YouOrderTest" name="orderDateTest">
    <skipped/>
  </testcase> <!-- orderDateTest -->
</testsuite> <!-- com.amazon.test.YouOrderTest -->
