<?xml version="1.0" encoding="UTF-8"?>
<!-- Generated by org.testng.reporters.JUnitReportReporter -->
<testsuite hostname="DESKTOP-15RQ365" failures="0" tests="5" name="com.amazon.test.LoginPageTest" time="27.952" errors="0" timestamp="27 Dec 2022 06:29:01 GMT" skipped="4">
  <testcase classname="com.amazon.test.LoginPageTest" name="incorrectPassword" time="27.952"/>
  <testcase classname="com.amazon.test.LoginPageTest" name="incorrectUsername">
    <skipped/>
  </testcase> <!-- incorrectUsername -->
  <testcase classname="com.amazon.test.LoginPageTest" name="emptyUsername">
    <skipped/>
  </testcase> <!-- emptyUsername -->
  <testcase classname="com.amazon.test.LoginPageTest" name="CorrectUsernameAndPass">
    <skipped/>
  </testcase> <!-- CorrectUsernameAndPass -->
  <testcase classname="com.amazon.test.LoginPageTest" name="emptyPassword">
    <skipped/>
  </testcase> <!-- emptyPassword -->
</testsuite> <!-- com.amazon.test.LoginPageTest -->
